[     600ms] [ERROR] Failed to load resource: the server responded with a status of 404 (Not Found) @ http://localhost:3000/%22https:/cdn.prod.website-files.com/67449b182ce17a6b86b1d726/69ae5c41958e97073c96cd8f_Frame%202147240619.svg/%22:0
[     600ms] [ERROR] Failed to load resource: the server responded with a status of 404 (Not Found) @ http://localhost:3000/%22https:/cdn.prod.website-files.com/67449b182ce17a6b86b1d726/6a02e5294c7e5a3b0f092cb6_c19e8168-0ed9-4f0e-b697-48454f24cfde.svg/%22:0
[     605ms] [ERROR] Failed to load resource: the server responded with a status of 404 (Not Found) @ http://localhost:3000/%22https:/cdn.prod.website-files.com/67449b182ce17a6b86b1d726/6a045c9a208170b3cee3217a_4addb6e2-4014-4eac-be6d-be3696494c9e.svg/%22:0
[     605ms] [ERROR] Failed to load resource: the server responded with a status of 404 (Not Found) @ http://localhost:3000/%22https:/cdn.prod.website-files.com/67449b182ce17a6b86b1d726/6a045a807a53f0d34b72b9d7_afbe0c74-7925-4fbd-b245-988aa029d58c.svg/%22:0
[     681ms] [ERROR] Failed to load resource: the server responded with a status of 404 (Not Found) @ http://localhost:3000/%22https:/cdn.prod.website-files.com/67449b182ce17a6b86b1d726/6a045b4c835b5c5c8765f938_0ecb4fe1-9e79-4743-9845-fe4971e80446.svg/%22:0
[     698ms] [ERROR] Failed to load resource: the server responded with a status of 404 (Not Found) @ http://localhost:3000/%22https:/cdn.prod.website-files.com/67449b182ce17a6b86b1d726/6a04417269d169749ec138ec_26438157-5bc4-470e-b7a7-ec3e5fd30acd.svg/%22:0
[     706ms] [ERROR] Failed to load resource: the server responded with a status of 404 (Not Found) @ http://localhost:3000/%22https:/cdn.prod.website-files.com/67449b182ce17a6b86b1d726/6a0440f76f33e2c4848fdb28_01a4a4d6-718c-4fb8-ac35-0a096139adbd.svg/%22:0
[     711ms] [ERROR] Failed to load resource: the server responded with a status of 404 (Not Found) @ http://localhost:3000/%22https:/cdn.prod.website-files.com/67449b182ce17a6b86b1d726/6a461504bb21bc46d381451c_5b024f6b-deba-4df2-83cd-b37d8fd22d53.svg/%22:0
[     711ms] [ERROR] Failed to load resource: the server responded with a status of 404 (Not Found) @ http://localhost:3000/%22https:/cdn.prod.website-files.com/67449b182ce17a6b86b1d726/6a0440a36751803df826bba6_fee3a487-310b-4a95-aea9-1ab94453ab28.svg/%22:0
[     727ms] [ERROR] Failed to load resource: the server responded with a status of 404 (Not Found) @ http://localhost:3000/%22https:/cdn.prod.website-files.com/67449b182ce17a6b86b1d726/6a46159d9b3443292ca16766_0460f9ee-0ef9-4c2c-880c-1b0136282ea5.svg/%22:0
[     761ms] [ERROR] Failed to load resource: the server responded with a status of 404 (Not Found) @ http://localhost:3000/%22https:/cdn.prod.website-files.com/67449b182ce17a6b86b1d726/6a4616303751bb68a3afb4df_a8e1b1e6-c342-4d57-afcb-b3d252ee7802.svg/%22:0
[     777ms] [ERROR] Failed to load resource: the server responded with a status of 404 (Not Found) @ http://localhost:3000/%22https:/cdn.prod.website-files.com/67449b182ce17a6b86b1d726/69608fb3d5702c9bd03d8046_Group%25202087325296-p-500.avif:0
[     787ms] [ERROR] Failed to load resource: the server responded with a status of 404 (Not Found) @ http://localhost:3000/%22https:/cdn.prod.website-files.com/67449b182ce17a6b86b1d726/69608fb3d5702c9bd03d8042_Group%202087325295.avif/%22:0
[     794ms] [ERROR] Failed to load resource: the server responded with a status of 404 (Not Found) @ http://localhost:3000/%22https:/cdn.prod.website-files.com/67449b182ce17a6b86b1d726/69608fb3d5702c9bd03d804a_Group%202087325297.avif/%22:0
[     797ms] [ERROR] Failed to load resource: the server responded with a status of 404 (Not Found) @ http://localhost:3000/%22https:/cdn.prod.website-files.com/67449b182ce17a6b86b1d726/6a4616ff0e8cdd3fccaa6f65_39efb708-26b9-430e-b5aa-07a5ca9dbe47.svg/%22:0
[     814ms] [ERROR] Failed to load resource: the server responded with a status of 404 (Not Found) @ http://localhost:3000/%22https:/cdn.prod.website-files.com/67449b182ce17a6b86b1d726/69608fb3d5702c9bd03d8063_Group%202087325309.avif/%22:0
[     850ms] [ERROR] Failed to load resource: the server responded with a status of 404 (Not Found) @ http://localhost:3000/%22https:/cdn.prod.website-files.com/67449b182ce17a6b86b1d726/69608fb3d5702c9bd03d805d_Group%202087325310.avif/%22:0
[     870ms] [ERROR] Failed to load resource: the server responded with a status of 404 (Not Found) @ http://localhost:3000/%22https:/cdn.prod.website-files.com/67449b182ce17a6b86b1d726/6a47975e43ef407353b56763_Blog-Image-26%202%20(1).png/%22:0
[     879ms] [ERROR] Failed to load resource: the server responded with a status of 404 (Not Found) @ http://localhost:3000/%22https:/cdn.prod.website-files.com/67449b182ce17a6b86b1d726/69608fb3d5702c9bd03d8036_Group%202087325302.avif/%22:0
[     881ms] [ERROR] Failed to load resource: the server responded with a status of 404 (Not Found) @ http://localhost:3000/%22https:/cdn.prod.website-files.com/67449b182ce17a6b86b1d726/6a4795a0c82337eb6df77d51_Blog-Image-57%201%20(2).png/%22:0
[     881ms] [ERROR] Failed to load resource: the server responded with a status of 404 (Not Found) @ http://localhost:3000/%22https:/cdn.prod.website-files.com/67449b182ce17a6b86b1d726/6a478ef5471cc3f8d15e89d1_Blog-Image-26%202.png/%22:0
[     899ms] [ERROR] Failed to load resource: the server responded with a status of 404 (Not Found) @ http://localhost:3000/%22https:/cdn.prod.website-files.com/67449b182ce17a6b86b1d726/69608fb3d5702c9bd03d803a_Group%202087325307.avif/%22:0
[     930ms] [ERROR] Failed to load resource: the server responded with a status of 404 (Not Found) @ http://localhost:3000/%22https:/cdn.prod.website-files.com/67449b182ce17a6b86b1d726/69608fb3d5702c9bd03d803e_Group%202087325308.avif/%22:0
[     956ms] [ERROR] Failed to load resource: the server responded with a status of 404 (Not Found) @ http://localhost:3000/%22https:/cdn.prod.website-files.com/67449b182ce17a6b86b1d726/6a02ee6713d5720247f92f1f_737420ab-af5c-4a7f-9871-e7fbced12fb1.svg/%22:0
[     968ms] [ERROR] Failed to load resource: the server responded with a status of 404 (Not Found) @ http://localhost:3000/%22https:/cdn.prod.website-files.com/67449b182ce17a6b86b1d726/69608fb3d5702c9bd03d802f_menu-11.svg/%22:0
[     972ms] [ERROR] Failed to load resource: the server responded with a status of 404 (Not Found) @ http://localhost:3000/%22https:/cdn.prod.website-files.com/67449b182ce17a6b86b1d726/69608fb3d5702c9bd03d8030_cancel-01.svg/%22:0
[     977ms] [ERROR] Failed to load resource: the server responded with a status of 404 (Not Found) @ http://localhost:3000/%22https:/cdn.prod.website-files.com/67449b182ce17a6b86b1d726/69883a1b5e6d552fa72d96a0_Frame%202147238502.svg/%22:0
[     993ms] [ERROR] Failed to load resource: the server responded with a status of 404 (Not Found) @ http://localhost:3000/%22https:/cdn.prod.website-files.com/67449b182ce17a6b86b1d726/69883a5dd862c4945589fd37_Frame%202147238515.svg/%22:0
[    1029ms] [ERROR] Failed to load resource: the server responded with a status of 404 (Not Found) @ http://localhost:3000/%22https:/cdn.prod.website-files.com/67449b182ce17a6b86b1d726/69883b40f2e6a78d8ba30e2a_499dcc38e02a826683a1922093510903_Mask%20group%20%282%29.avif/%22:0
[    1039ms] [ERROR] Failed to load resource: the server responded with a status of 404 (Not Found) @ http://localhost:3000/%22https:/cdn.prod.website-files.com/67449b182ce17a6b86b1d726/69883c695386edffbb237e21_Mask%20group%20(3).svg/%22:0
[    1050ms] [ERROR] Failed to load resource: the server responded with a status of 404 (Not Found) @ http://localhost:3000/%22https:/cdn.prod.website-files.com/67449b182ce17a6b86b1d726/69883f26fa214020a3183bdc_823c17993f50a3080877e6044a5e5265_Mask%20group%20%284%29.png/%22:0
[    1055ms] [ERROR] Failed to load resource: the server responded with a status of 404 (Not Found) @ http://localhost:3000/%22https:/cdn.prod.website-files.com/67449b182ce17a6b86b1d726/69883f4334bfc24ce1a98ff4_Mask%20group.avif/%22:0
[    1058ms] [ERROR] Failed to load resource: the server responded with a status of 404 (Not Found) @ http://localhost:3000/%22https:/cdn.prod.website-files.com/67449b182ce17a6b86b1d726/69883f6ab0b28f227e725a86_Group%202087325261.svg/%22:0
[    1081ms] [ERROR] Failed to load resource: the server responded with a status of 404 (Not Found) @ http://localhost:3000/%22https:/cdn.prod.website-files.com/67449b182ce17a6b86b1d726/69883fd7a412a0902b3c3f46_Frame%202147238483.svg/%22:0
[    1104ms] [ERROR] Failed to load resource: the server responded with a status of 404 (Not Found) @ http://localhost:3000/%22https:/cdn.prod.website-files.com/67449b182ce17a6b86b1d726/69884029ec14d6ebe997f3c7_Layer_1.svg/%22:0
[    1133ms] [ERROR] Failed to load resource: the server responded with a status of 404 (Not Found) @ http://localhost:3000/%22https:/cdn.prod.website-files.com/67449b182ce17a6b86b1d726/69884bf886ebfea9dac99104_C21_Wordmark_RelentlessGold_4C%202.svg/%22:0
[    1171ms] [ERROR] Failed to load resource: the server responded with a status of 404 (Not Found) @ http://localhost:3000/%22https:/cdn.prod.website-files.com/67449b182ce17a6b86b1d726/69884c495c02d9c200f2c217_6f8d8dc58b94cc9060fb4d4edf77e99c_Mask%20group%20%282%29.avif/%22:0
[    1179ms] [ERROR] Failed to load resource: the server responded with a status of 404 (Not Found) @ http://localhost:3000/%22https:/cdn.prod.website-files.com/67449b182ce17a6b86b1d726/69884c6ac2d98286a8d1f7b5_Group%202087325262.svg/%22:0
[    1181ms] [ERROR] Failed to load resource: the server responded with a status of 404 (Not Found) @ http://localhost:3000/%22https:/cdn.prod.website-files.com/67449b182ce17a6b86b1d726/69884ca9c1c10789a9243a98_fbd58256a3991b7470a7ca29f7040d60_Mask%20group%20%283%29.avif/%22:0
[    1199ms] [ERROR] Failed to load resource: the server responded with a status of 404 (Not Found) @ http://localhost:3000/%22https:/cdn.prod.website-files.com/67449b182ce17a6b86b1d726/69884ce3ec14d6ebe998c909_Frame%202147238504.svg/%22:0
[    1296ms] [ERROR] Failed to load resource: the server responded with a status of 404 (Not Found) @ http://localhost:3000/%22https:/cdn.prod.website-files.com/67449b182ce17a6b86b1d726/69884eb2c2181b2141fcde1b_d56706816150cdbf9ec525623b8c781a_Mask%20group%20%284%29.png/%22:0
[    1296ms] [ERROR] Failed to load resource: the server responded with a status of 404 (Not Found) @ http://localhost:3000/%22https:/cdn.prod.website-files.com/67449b182ce17a6b86b1d726/69884e7a024c5e9e63fe20ae_Frame%20(19).svg/%22:0
[    1296ms] [ERROR] Failed to load resource: the server responded with a status of 404 (Not Found) @ http://localhost:3000/%22https:/cdn.prod.website-files.com/67449b182ce17a6b86b1d726/69d61f5d132ae68f090e61ca_Frame%202147242717.avif/%22:0
[    1296ms] [ERROR] Failed to load resource: the server responded with a status of 404 (Not Found) @ http://localhost:3000/%22https:/cdn.prod.website-files.com/67449b182ce17a6b86b1d726/6a02f41aab76f4b3ded8977a_6970f585-caea-4ec9-8e2e-d651028a2659.svg/%22:0
[    1296ms] [ERROR] Failed to load resource: the server responded with a status of 404 (Not Found) @ http://localhost:3000/%22https:/cdn.prod.website-files.com/67449b182ce17a6b86b1d726/6a043a4f26b7e95dc6ac5457_08adfcc0-0fbb-4e8a-aa0a-85ef932618d2.svg/%22:0
[    1299ms] [INFO] %cDownload the React DevTools for a better development experience: https://react.dev/link/react-devtools font-weight:bold @ http://localhost:3000/_next/static/chunks/node_modules_next_dist_1ybzpk2._.js:2477
[    1368ms] [LOG] [HMR] connected @ http://localhost:3000/_next/static/chunks/node_modules_next_dist_1ybzpk2._.js:2477
[    1371ms] [ERROR] Failed to load resource: the server responded with a status of 404 (Not Found) @ http://localhost:3000/%22https:/cdn.prod.website-files.com/67449b182ce17a6b86b1d726/69d62245dd70f1d27e7708a1_Frame%202147242689.avif/%22:0
[    1371ms] [ERROR] Failed to load resource: the server responded with a status of 404 (Not Found) @ http://localhost:3000/%22https:/cdn.prod.website-files.com/67449b182ce17a6b86b1d726/6a0c4493cc308e5fedff9885_Frame%202147242691.avif/%22:0
[    1371ms] [ERROR] Failed to load resource: the server responded with a status of 404 (Not Found) @ http://localhost:3000/%22https:/cdn.prod.website-files.com/67449b182ce17a6b86b1d726/69d622fbdeb56ea4319a4c07_Frame%202147242690%20(1).avif/%22:0
[    1371ms] [ERROR] Failed to load resource: the server responded with a status of 404 (Not Found) @ http://localhost:3000/%22https:/cdn.prod.website-files.com/67449b182ce17a6b86b1d726/69d62243e16e1507596c5280_Frame%202147242691.avif/%22:0
[    1371ms] [ERROR] Failed to load resource: the server responded with a status of 404 (Not Found) @ http://localhost:3000/%22https:/cdn.prod.website-files.com/67449b182ce17a6b86b1d726/69d622434cb13f2ac10e68a2_Frame%202147242692.avif/%22:0
[    1376ms] [ERROR] Failed to load resource: the server responded with a status of 404 (Not Found) @ http://localhost:3000/%22https:/cdn.prod.website-files.com/67449b182ce17a6b86b1d726/69d622432ffac6c07e13a57a_Frame%202147242691%20(1).avif/%22:0
[    1409ms] [ERROR] Failed to load resource: the server responded with a status of 404 (Not Found) @ http://localhost:3000/%22https:/cdn.prod.website-files.com/67449b182ce17a6b86b1d726/6a02e5294c7e5a3b0f092cb6_c19e8168-0ed9-4f0e-b697-48454f24cfde.svg/%22:0
[    1469ms] [ERROR] Failed to load resource: the server responded with a status of 404 (Not Found) @ http://localhost:3000/%22https:/cdn.prod.website-files.com/67449b182ce17a6b86b1d726/69d6224311a0cdd8463e43c3_Frame%202147242690.avif/%22:0
[    1469ms] [ERROR] Failed to load resource: the server responded with a status of 404 (Not Found) @ http://localhost:3000/%22https:/cdn.prod.website-files.com/67449b182ce17a6b86b1d726/6986ec9c8bef78c279167aad_Vector%20(6).svg/%22:0
[    1469ms] [ERROR] Failed to load resource: the server responded with a status of 404 (Not Found) @ http://localhost:3000/%22https:/cdn.prod.website-files.com/67449b182ce17a6b86b1d726/69981769482f9ff059a59204_Frame%202147240698.avif/%22:0
[    1470ms] [ERROR] Failed to load resource: the server responded with a status of 404 (Not Found) @ http://localhost:3000/%22https:/cdn.prod.website-files.com/67449b182ce17a6b86b1d726/6986e32fc2181b2141e1584b_Frame%202147240613.avif/%22:0
[    1473ms] [ERROR] Failed to load resource: the server responded with a status of 404 (Not Found) @ http://localhost:3000/%22https:/cdn.prod.website-files.com/67449b182ce17a6b86b1d726/6986e32fcb670b10281f4be4_Frame%202147240612%20(1).avif/%22:0
[    1494ms] [ERROR] Failed to load resource: the server responded with a status of 404 (Not Found) @ http://localhost:3000/%22https:/cdn.prod.website-files.com/67449b182ce17a6b86b1d726/69e738aa1eea406d0967c09c_a80cec11-cf74-4cb4-be9b-4355f05c5996.svg/%22:0
[    1548ms] [ERROR] Failed to load resource: the server responded with a status of 404 (Not Found) @ http://localhost:3000/%22https:/cdn.prod.website-files.com/67449b182ce17a6b86b1d726/69f9f3fcf7206b2a373623c2_system-regular-143-low-priority.svg/%22:0
[    1584ms] [ERROR] Failed to load resource: the server responded with a status of 404 (Not Found) @ http://localhost:3000/%22https:/cdn.prod.website-files.com/67449b182ce17a6b86b1d726/69f9f1c72a36cc42c3519dd3_system-regular-73-world-globe-wikis.svg/%22:0
[    1584ms] [ERROR] Failed to load resource: the server responded with a status of 404 (Not Found) @ http://localhost:3000/%22https:/cdn.prod.website-files.com/67449b182ce17a6b86b1d726/69e736894d7813af3c2f780e_1c845db0-b6c1-4c65-b880-35ab97c7d353.svg/%22:0
[    1584ms] [ERROR] Failed to load resource: the server responded with a status of 404 (Not Found) @ http://localhost:3000/%22https:/cdn.prod.website-files.com/67449b182ce17a6b86b1d726/69f9f38af010075573ac5fc4_system-regular-17-assignment.svg/%22:0
[    1587ms] [ERROR] Failed to load resource: the server responded with a status of 404 (Not Found) @ http://localhost:3000/%22https:/cdn.prod.website-files.com/67449b182ce17a6b86b1d726/69f9f74a7dfdeeb6213168d9_system-regular-13-api.svg/%22:0
[    1604ms] [ERROR] Failed to load resource: the server responded with a status of 404 (Not Found) @ http://localhost:3000/%22https:/cdn.prod.website-files.com/67449b182ce17a6b86b1d726/69e61f54dc1aea3ca6fab885_system-regular-33-speed.svg/%22:0
[    1625ms] [ERROR] Failed to load resource: the server responded with a status of 404 (Not Found) @ http://localhost:3000/%22https:/cdn.prod.website-files.com/67449b182ce17a6b86b1d726/69e61dac226f9b881a2110b5_e2055283-6553-4179-9add-963a064d3028.svg/%22:0
[    1648ms] [ERROR] Failed to load resource: the server responded with a status of 404 (Not Found) @ http://localhost:3000/%22https:/cdn.prod.website-files.com/67449b182ce17a6b86b1d726/69e737cac5d00fc52bf6fe23_9a9e454a-e17c-4d28-b328-de0ae138ad84.svg/%22:0
[    1655ms] [ERROR] Failed to load resource: the server responded with a status of 404 (Not Found) @ http://localhost:3000/%22https:/cdn.prod.website-files.com/67449b182ce17a6b86b1d726/6a044e9ef40f0916bc130e03_Frame%202147241602-p-500.avif:0
[    1655ms] [ERROR] Failed to load resource: the server responded with a status of 404 (Not Found) @ http://localhost:3000/%22https:/cdn.prod.website-files.com/67449b182ce17a6b86b1d726/6a0c2e5a781f05dbe15f0c4c_9bc1bc9c-4d60-4742-bbf8-5da5cc670eb6.svg/%22:0
[    1664ms] [ERROR] Failed to load resource: the server responded with a status of 404 (Not Found) @ http://localhost:3000/%22https:/cdn.prod.website-files.com/67449b182ce17a6b86b1d726/6a044f1199d72de65493d99b_Group%202087325341.png/%22:0
[    1679ms] [LOG] [Fast Refresh] rebuilding @ http://localhost:3000/_next/static/chunks/node_modules_next_dist_1ybzpk2._.js:2477
[    1679ms] [ERROR] Failed to load resource: the server responded with a status of 404 (Not Found) @ http://localhost:3000/%22https:/cdn.prod.website-files.com/67449b182ce17a6b86b1d726/6996ccaa70463fb72bf1633a_Logos.svg/%22:0
[    1713ms] [ERROR] Failed to load resource: the server responded with a status of 404 (Not Found) @ http://localhost:3000/%22https:/cdn.prod.website-files.com/67449b182ce17a6b86b1d726/69ce51a739f6cb07e47ab820_Thumb.avif/%22:0
[    1718ms] [ERROR] Failed to load resource: the server responded with a status of 404 (Not Found) @ http://localhost:3000/%22https:/cdn.prod.website-files.com/67449b182ce17a6b86b1d726/6996cc48de09c411d38c0fa9_Frame%202087326486.svg/%22:0
[    1725ms] [ERROR] Failed to load resource: the server responded with a status of 404 (Not Found) @ http://localhost:3000/%22https:/cdn.prod.website-files.com/67449b182ce17a6b86b1d726/69a7f7ff11a9898f9ff9021f_ddd%202.svg/%22:0
[    1739ms] [ERROR] Failed to load resource: the server responded with a status of 404 (Not Found) @ http://localhost:3000/%22https:/cdn.prod.website-files.com/67449b182ce17a6b86b1d726/69a7f6d239eb830aa7907708_Frame%202147241076.svg/%22:0
[    1744ms] [ERROR] Failed to load resource: the server responded with a status of 404 (Not Found) @ http://localhost:3000/%22https:/cdn.prod.website-files.com/67449b182ce17a6b86b1d726/69a80105b218e2913bdda027_ddd%201.svg/%22:0
[    1759ms] [ERROR] Failed to load resource: the server responded with a status of 404 (Not Found) @ http://localhost:3000/%22https:/cdn.prod.website-files.com/67449b182ce17a6b86b1d726/699827c4746bbdc2b4eb2340_bc90b80d768109a3986455009544b50a_Mask%20group%20%282%29.avif/%22:0
[    1790ms] [ERROR] Failed to load resource: the server responded with a status of 404 (Not Found) @ http://localhost:3000/%22https:/cdn.prod.website-files.com/67449b182ce17a6b86b1d726/699830adcf7665bdd0de47fd_Group%202087325262.svg/%22:0
[    1795ms] [ERROR] Failed to load resource: the server responded with a status of 404 (Not Found) @ http://localhost:3000/%22https:/cdn.prod.website-files.com/67449b182ce17a6b86b1d726/699830adce7164e7db656296_99f8bc44cec266436a75c29813178b13_Mask%20group%20%283%29.avif/%22:0
[    1795ms] [ERROR] Failed to load resource: the server responded with a status of 404 (Not Found) @ http://localhost:3000/%22https:/cdn.prod.website-files.com/67449b182ce17a6b86b1d726/699830d2cecc16276f9148fb_Group%202087325261.svg/%22:0
[    1820ms] [ERROR] Failed to load resource: the server responded with a status of 404 (Not Found) @ http://localhost:3000/%22https:/cdn.prod.website-files.com/67449b182ce17a6b86b1d726/6a4503afbcf100263de88f47_Mask%20group.avif/%22:0
[    1823ms] [ERROR] Failed to load resource: the server responded with a status of 404 (Not Found) @ http://localhost:3000/%22https:/cdn.prod.website-files.com/67449b182ce17a6b86b1d726/699830ad357af7c68557c20f_Layer_1.svg/%22:0
[    1847ms] [ERROR] Failed to load resource: the server responded with a status of 404 (Not Found) @ http://localhost:3000/%22https:/cdn.prod.website-files.com/67449b182ce17a6b86b1d726/699830adadfd9845374b5403_Mask%20group%20(5).svg/%22:0
[    1878ms] [ERROR] Failed to load resource: the server responded with a status of 404 (Not Found) @ http://localhost:3000/%22https:/cdn.prod.website-files.com/67606ff9d09849232cfa0232/6a46237a4be378c1bd59d503_healthcare-website-design-cost-2026-thumbnail.avif/%22:0
[    1881ms] [ERROR] Failed to load resource: the server responded with a status of 404 (Not Found) @ http://localhost:3000/%22https:/cdn.prod.website-files.com/67606ff9d09849232cfa0232/6a46279542af0ab42879f934_b2b-saas-website-design-cost-thumbnail.avif/%22:0
[    1881ms] [ERROR] Failed to load resource: the server responded with a status of 404 (Not Found) @ http://localhost:3000/%22https:/cdn.prod.website-files.com/67449b182ce17a6b86b1d726/699bc8763daa3c06f8f18dbf_Frame%20(18).svg/%22:0
[    1902ms] [ERROR] Failed to load resource: the server responded with a status of 404 (Not Found) @ http://localhost:3000/%22https:/cdn.prod.website-files.com/67606ff9d09849232cfa0232/6a424656023aebaf5b7b6532_healthcare-web-design-trends-thumbnail.avif/%22:0
[    1905ms] [ERROR] Failed to load resource: the server responded with a status of 404 (Not Found) @ http://localhost:3000/%22https:/cdn.prod.website-files.com/67449b182ce17a6b86b1d726/6996b43a6e125a1553a3ba75_Ellipse%201455.avif/%22:0
[    1919ms] [ERROR] Failed to load resource: the server responded with a status of 404 (Not Found) @ http://localhost:3000/%22https:/cdn.prod.website-files.com/67449b182ce17a6b86b1d726/6996b298cab22eb04295ea37_mail-02.svg/%22:0
[    1949ms] [ERROR] Failed to load resource: the server responded with a status of 404 (Not Found) @ http://localhost:3000/%22https:/cdn.prod.website-files.com/67449b182ce17a6b86b1d726/6960c61e81e2e7fffd78d425_Webflow%20logo.svg/%22:0
[    1954ms] [ERROR] Failed to load resource: the server responded with a status of 404 (Not Found) @ http://localhost:3000/%22https:/cdn.prod.website-files.com/67449b182ce17a6b86b1d726/6960c61e81e2e7fffd78d42a_Frame%20(17).svg/%22:0
[    1963ms] [ERROR] Failed to load resource: the server responded with a status of 404 (Not Found) @ http://localhost:3000/%22https:/cdn.prod.website-files.com/67449b182ce17a6b86b1d726/6960c61e81e2e7fffd78d429_dribbble.svg/%22:0
[    1984ms] [ERROR] Failed to load resource: the server responded with a status of 404 (Not Found) @ http://localhost:3000/%22https:/cdn.prod.website-files.com/67449b182ce17a6b86b1d726/6960c61e81e2e7fffd78d426_Behance.svg/%22:0
[    1986ms] [ERROR] Failed to load resource: the server responded with a status of 404 (Not Found) @ http://localhost:3000/%22https:/cdn.prod.website-files.com/67449b182ce17a6b86b1d726/69eb10b91012bae5601f692d_svgviewer-output%20(2).svg/%22:0
[    2002ms] [ERROR] Failed to load resource: the server responded with a status of 404 (Not Found) @ http://localhost:3000/%22https:/cdn.prod.website-files.com/67449b182ce17a6b86b1d726/6960c61e81e2e7fffd78d428_download%202.svg/%22:0
[    2034ms] [ERROR] Failed to load resource: the server responded with a status of 404 (Not Found) @ http://localhost:3000/%22https:/cdn.prod.website-files.com/67449b182ce17a6b86b1d726/69a13f251fe981e523e84381_Frame%202147240669%20(6).avif/%22:0
[    2037ms] [ERROR] Failed to load resource: the server responded with a status of 404 (Not Found) @ http://localhost:3000/%22https:/cdn.prod.website-files.com/67449b182ce17a6b86b1d726/69915a06f18cc4d01b9f21ba_image%206346447.svg/%22:0
[    2037ms] [ERROR] Failed to load resource: the server responded with a status of 404 (Not Found) @ http://localhost:3000/%22https:/cdn.prod.website-files.com/67449b182ce17a6b86b1d726/6960c61e81e2e7fffd78d427_Frame%20(18).svg/%22:0
[    2065ms] [ERROR] Failed to load resource: the server responded with a status of 404 (Not Found) @ http://localhost:3000/%22https:/cdn.prod.website-files.com/67449b182ce17a6b86b1d726/69a16753e12bba92673ff16e_Frame%202147240542.avif/%22:0
[    2070ms] [ERROR] Failed to load resource: the server responded with a status of 404 (Not Found) @ http://localhost:3000/%22https:/cdn.prod.website-files.com/67449b182ce17a6b86b1d726/69a168318177902fc50555c3_Frame%202147240540.svg/%22:0
[    2088ms] [ERROR] Failed to load resource: the server responded with a status of 404 (Not Found) @ http://localhost:3000/%22https:/cdn.prod.website-files.com/67449b182ce17a6b86b1d726/69ca209eb0215dfdd42df1e6_Group%202147225542.avif/%22:0
[    2119ms] [ERROR] Failed to load resource: the server responded with a status of 404 (Not Found) @ http://localhost:3000/%22https:/cdn.prod.website-files.com/67449b182ce17a6b86b1d726/6a02f7dd49b52eddc98dba32_eca28097-61f6-41d2-b3e5-08c65c91274c.svg/%22:0
[    2130ms] [ERROR] Failed to load resource: the server responded with a status of 404 (Not Found) @ http://localhost:3000/%22https:/cdn.prod.website-files.com/67449b182ce17a6b86b1d726/69608f9dfb7367650626a14c_fi_14009732.svg/%22:0
[    2137ms] [ERROR] Failed to load resource: the server responded with a status of 404 (Not Found) @ http://localhost:3000/%22https:/cdn.prod.website-files.com/67449b182ce17a6b86b1d726/69608f9dfb7367650626a152_Group.avif/%22:0
[    2152ms] [ERROR] Failed to load resource: the server responded with a status of 404 (Not Found) @ http://localhost:3000/%22https:/cdn.prod.website-files.com/67449b182ce17a6b86b1d726/69608f9dfb7367650626a149_fi_14009803.svg/%22:0
[    2155ms] [ERROR] Failed to load resource: the server responded with a status of 404 (Not Found) @ http://localhost:3000/%22https:/cdn.prod.website-files.com/67449b182ce17a6b86b1d726/69608f9dfb7367650626a14f_fi_14009803.avif/%22:0
[    2170ms] [ERROR] Failed to load resource: the server responded with a status of 404 (Not Found) @ http://localhost:3000/%22https:/cdn.prod.website-files.com/67449b182ce17a6b86b1d726/69608f9dfb7367650626a14a_fi_14009735.svg/%22:0
[    2203ms] [ERROR] Failed to load resource: the server responded with a status of 404 (Not Found) @ http://localhost:3000/%22https:/cdn.prod.website-files.com/67449b182ce17a6b86b1d726/69608f9dfb7367650626a154_fi_16569446.avif/%22:0
[    2203ms] [ERROR] Failed to load resource: the server responded with a status of 404 (Not Found) @ http://localhost:3000/%22https:/cdn.prod.website-files.com/67449b182ce17a6b86b1d726/69608f9dfb7367650626a14b_fi_16569446.svg/%22:0
[    2206ms] [ERROR] Failed to load resource: the server responded with a status of 404 (Not Found) @ http://localhost:3000/%22https:/cdn.prod.website-files.com/67449b182ce17a6b86b1d726/69608f9dfb7367650626a14d_fi_14009735.avif/%22:0
[    2239ms] [ERROR] Failed to load resource: the server responded with a status of 404 (Not Found) @ http://localhost:3000/%22https:/cdn.prod.website-files.com/67449b182ce17a6b86b1d726/6a4657905640415e2b55477e_Star%203.svg/%22:0
[    2242ms] [ERROR] Failed to load resource: the server responded with a status of 404 (Not Found) @ http://localhost:3000/%22https:/cdn.prod.website-files.com/67449b182ce17a6b86b1d726/6a465bef4be5fbc863103e9c_Frame%202147238542.png/%22:0
[    2256ms] [ERROR] Failed to load resource: the server responded with a status of 404 (Not Found) @ http://localhost:3000/%22https:/cdn.prod.website-files.com/67449b182ce17a6b86b1d726/6a465bef46280e1f689d5aec_Frame%202147238541.png/%22:0
[    2294ms] [ERROR] Failed to load resource: the server responded with a status of 404 (Not Found) @ http://localhost:3000/%22https:/cdn.prod.website-files.com/67449b182ce17a6b86b1d726/6a465befe7bf20d48d85c5df_Frame%202147238546.png/%22:0
[    2303ms] [ERROR] Failed to load resource: the server responded with a status of 404 (Not Found) @ http://localhost:3000/%22https:/cdn.prod.website-files.com/67449b182ce17a6b86b1d726/6a465e0566875a8bd50ccb07_Frame%202147238504.png/%22:0
[    2315ms] [ERROR] Failed to load resource: the server responded with a status of 404 (Not Found) @ http://localhost:3000/%22https:/cdn.prod.website-files.com/67449b182ce17a6b86b1d726/6a465befbb8176173fb71550_Frame%202147238544.png/%22:0
[    2321ms] [ERROR] Failed to load resource: the server responded with a status of 404 (Not Found) @ http://localhost:3000/%22https:/cdn.prod.website-files.com/67449b182ce17a6b86b1d726/6a465185907d1a90a2fc562a_Home%20Page%20(1)-p-500.png:0
[    2325ms] [ERROR] Failed to load resource: the server responded with a status of 404 (Not Found) @ http://localhost:3000/%22https:/cdn.prod.website-files.com/67449b182ce17a6b86b1d726/6a4758be3e0c6abd6f34ab7a_plus.svg/%22:0
[    2343ms] [ERROR] Failed to load resource: the server responded with a status of 404 (Not Found) @ http://localhost:3000/%22https:/cdn.prod.website-files.com/67449b182ce17a6b86b1d726/6a045c9a208170b3cee3217a_4addb6e2-4014-4eac-be6d-be3696494c9e.svg/%22:0
[    2370ms] [ERROR] Failed to load resource: the server responded with a status of 404 (Not Found) @ http://localhost:3000/%22https:/cdn.prod.website-files.com/67449b182ce17a6b86b1d726/6a0440a36751803df826bba6_fee3a487-310b-4a95-aea9-1ab94453ab28.svg/%22:0
[    2381ms] [ERROR] Failed to load resource: the server responded with a status of 404 (Not Found) @ http://localhost:3000/%22https:/cdn.prod.website-files.com/67449b182ce17a6b86b1d726/69883a1b5e6d552fa72d96a0_Frame%202147238502.svg/%22:0
[    2391ms] [ERROR] Failed to load resource: the server responded with a status of 404 (Not Found) @ http://localhost:3000/%22https:/cdn.prod.website-files.com/67449b182ce17a6b86b1d726/69883a5dd862c4945589fd37_Frame%202147238515.svg/%22:0
[    2397ms] [ERROR] Failed to load resource: the server responded with a status of 404 (Not Found) @ http://localhost:3000/%22https:/cdn.prod.website-files.com/67449b182ce17a6b86b1d726/69883b40f2e6a78d8ba30e2a_499dcc38e02a826683a1922093510903_Mask%20group%20%282%29.avif/%22:0
[    2400ms] [ERROR] Failed to load resource: the server responded with a status of 404 (Not Found) @ http://localhost:3000/%22https:/cdn.prod.website-files.com/67449b182ce17a6b86b1d726/69883c695386edffbb237e21_Mask%20group%20(3).svg/%22:0
[    2420ms] [ERROR] Failed to load resource: the server responded with a status of 404 (Not Found) @ http://localhost:3000/%22https:/cdn.prod.website-files.com/67449b182ce17a6b86b1d726/69883f26fa214020a3183bdc_823c17993f50a3080877e6044a5e5265_Mask%20group%20%284%29.png/%22:0
[    2450ms] [ERROR] Failed to load resource: the server responded with a status of 404 (Not Found) @ http://localhost:3000/%22https:/cdn.prod.website-files.com/67449b182ce17a6b86b1d726/69883f4334bfc24ce1a98ff4_Mask%20group.avif/%22:0
[    2461ms] [ERROR] Failed to load resource: the server responded with a status of 404 (Not Found) @ http://localhost:3000/%22https:/cdn.prod.website-files.com/67449b182ce17a6b86b1d726/69883f6ab0b28f227e725a86_Group%202087325261.svg/%22:0
[    2471ms] [ERROR] Failed to load resource: the server responded with a status of 404 (Not Found) @ http://localhost:3000/%22https:/cdn.prod.website-files.com/67449b182ce17a6b86b1d726/69883fd7a412a0902b3c3f46_Frame%202147238483.svg/%22:0
[    2483ms] [ERROR] Failed to load resource: the server responded with a status of 404 (Not Found) @ http://localhost:3000/%22https:/cdn.prod.website-files.com/67449b182ce17a6b86b1d726/69884029ec14d6ebe997f3c7_Layer_1.svg/%22:0
[    2485ms] [ERROR] Failed to load resource: the server responded with a status of 404 (Not Found) @ http://localhost:3000/%22https:/cdn.prod.website-files.com/67449b182ce17a6b86b1d726/69884bf886ebfea9dac99104_C21_Wordmark_RelentlessGold_4C%202.svg/%22:0
[    2502ms] [ERROR] Failed to load resource: the server responded with a status of 404 (Not Found) @ http://localhost:3000/%22https:/cdn.prod.website-files.com/67449b182ce17a6b86b1d726/69884c6ac2d98286a8d1f7b5_Group%202087325262.svg/%22:0
[    2531ms] [ERROR] Failed to load resource: the server responded with a status of 404 (Not Found) @ http://localhost:3000/%22https:/cdn.prod.website-files.com/67449b182ce17a6b86b1d726/69884c495c02d9c200f2c217_6f8d8dc58b94cc9060fb4d4edf77e99c_Mask%20group%20%282%29.avif/%22:0
[    2536ms] [ERROR] Failed to load resource: the server responded with a status of 404 (Not Found) @ http://localhost:3000/%22https:/cdn.prod.website-files.com/67449b182ce17a6b86b1d726/69884ca9c1c10789a9243a98_fbd58256a3991b7470a7ca29f7040d60_Mask%20group%20%283%29.avif/%22:0
[    2538ms] [ERROR] Failed to load resource: the server responded with a status of 404 (Not Found) @ http://localhost:3000/%22https:/cdn.prod.website-files.com/67449b182ce17a6b86b1d726/69884ce3ec14d6ebe998c909_Frame%202147238504.svg/%22:0
[    2573ms] [ERROR] Failed to load resource: the server responded with a status of 404 (Not Found) @ http://localhost:3000/%22https:/cdn.prod.website-files.com/67449b182ce17a6b86b1d726/69ae5c41958e97073c96cd8f_Frame%202147240619.svg/%22:0
[    2582ms] [ERROR] Failed to load resource: the server responded with a status of 404 (Not Found) @ http://localhost:3000/%22https:/cdn.prod.website-files.com/67449b182ce17a6b86b1d726/6a045a807a53f0d34b72b9d7_afbe0c74-7925-4fbd-b245-988aa029d58c.svg/%22:0
[    2584ms] [ERROR] Failed to load resource: the server responded with a status of 404 (Not Found) @ http://localhost:3000/%22https:/cdn.prod.website-files.com/67449b182ce17a6b86b1d726/6a045b4c835b5c5c8765f938_0ecb4fe1-9e79-4743-9845-fe4971e80446.svg/%22:0
[    2612ms] [ERROR] Failed to load resource: the server responded with a status of 404 (Not Found) @ http://localhost:3000/%22https:/cdn.prod.website-files.com/67449b182ce17a6b86b1d726/6a04417269d169749ec138ec_26438157-5bc4-470e-b7a7-ec3e5fd30acd.svg/%22:0
[    2616ms] [ERROR] Failed to load resource: the server responded with a status of 404 (Not Found) @ http://localhost:3000/%22https:/cdn.prod.website-files.com/67449b182ce17a6b86b1d726/6a0440f76f33e2c4848fdb28_01a4a4d6-718c-4fb8-ac35-0a096139adbd.svg/%22:0
[    2618ms] [ERROR] Failed to load resource: the server responded with a status of 404 (Not Found) @ http://localhost:3000/%22https:/cdn.prod.website-files.com/67449b182ce17a6b86b1d726/6a461504bb21bc46d381451c_5b024f6b-deba-4df2-83cd-b37d8fd22d53.svg/%22:0
[    2644ms] [ERROR] Failed to load resource: the server responded with a status of 404 (Not Found) @ http://localhost:3000/%22https:/cdn.prod.website-files.com/67449b182ce17a6b86b1d726/6a46159d9b3443292ca16766_0460f9ee-0ef9-4c2c-880c-1b0136282ea5.svg/%22:0
[    2651ms] [ERROR] Failed to load resource: the server responded with a status of 404 (Not Found) @ http://localhost:3000/%22https:/cdn.prod.website-files.com/67449b182ce17a6b86b1d726/6a4616303751bb68a3afb4df_a8e1b1e6-c342-4d57-afcb-b3d252ee7802.svg/%22:0
[    2664ms] [ERROR] Failed to load resource: the server responded with a status of 404 (Not Found) @ http://localhost:3000/%22https:/cdn.prod.website-files.com/67449b182ce17a6b86b1d726/6a4616ff0e8cdd3fccaa6f65_39efb708-26b9-430e-b5aa-07a5ca9dbe47.svg/%22:0
[    2684ms] [ERROR] Failed to load resource: the server responded with a status of 404 (Not Found) @ http://localhost:3000/%22https:/cdn.prod.website-files.com/67449b182ce17a6b86b1d726/69608fb3d5702c9bd03d8042_Group%202087325295.avif/%22:0
[    2688ms] [ERROR] Failed to load resource: the server responded with a status of 404 (Not Found) @ http://localhost:3000/%22https:/cdn.prod.website-files.com/67449b182ce17a6b86b1d726/69608fb3d5702c9bd03d8046_Group%25202087325296-p-500.avif:0
[    2690ms] [ERROR] Failed to load resource: the server responded with a status of 404 (Not Found) @ http://localhost:3000/%22https:/cdn.prod.website-files.com/67449b182ce17a6b86b1d726/69608fb3d5702c9bd03d804a_Group%202087325297.avif/%22:0
[    2722ms] [ERROR] Failed to load resource: the server responded with a status of 404 (Not Found) @ http://localhost:3000/%22https:/cdn.prod.website-files.com/67449b182ce17a6b86b1d726/69608fb3d5702c9bd03d8063_Group%202087325309.avif/%22:0
[    2730ms] [ERROR] Failed to load resource: the server responded with a status of 404 (Not Found) @ http://localhost:3000/%22https:/cdn.prod.website-files.com/67449b182ce17a6b86b1d726/69608fb3d5702c9bd03d805d_Group%202087325310.avif/%22:0
[    2741ms] [ERROR] Failed to load resource: the server responded with a status of 404 (Not Found) @ http://localhost:3000/%22https:/cdn.prod.website-files.com/67449b182ce17a6b86b1d726/6a47975e43ef407353b56763_Blog-Image-26%202%20(1).png/%22:0
[    2756ms] [ERROR] Failed to load resource: the server responded with a status of 404 (Not Found) @ http://localhost:3000/%22https:/cdn.prod.website-files.com/67449b182ce17a6b86b1d726/6a478ef5471cc3f8d15e89d1_Blog-Image-26%202.png/%22:0
[    2764ms] [ERROR] Failed to load resource: the server responded with a status of 404 (Not Found) @ http://localhost:3000/%22https:/cdn.prod.website-files.com/67449b182ce17a6b86b1d726/6a4795a0c82337eb6df77d51_Blog-Image-57%201%20(2).png/%22:0
[    2770ms] [ERROR] Failed to load resource: the server responded with a status of 404 (Not Found) @ http://localhost:3000/%22https:/cdn.prod.website-files.com/67449b182ce17a6b86b1d726/69608fb3d5702c9bd03d8036_Group%202087325302.avif/%22:0
[    2801ms] [ERROR] Failed to load resource: the server responded with a status of 404 (Not Found) @ http://localhost:3000/%22https:/cdn.prod.website-files.com/67449b182ce17a6b86b1d726/69608fb3d5702c9bd03d803a_Group%202087325307.avif/%22:0
[    2809ms] [ERROR] Failed to load resource: the server responded with a status of 404 (Not Found) @ http://localhost:3000/%22https:/cdn.prod.website-files.com/67449b182ce17a6b86b1d726/69608fb3d5702c9bd03d803e_Group%202087325308.avif/%22:0
[    2822ms] [ERROR] Failed to load resource: the server responded with a status of 404 (Not Found) @ http://localhost:3000/%22https:/cdn.prod.website-files.com/67449b182ce17a6b86b1d726/6a02ee6713d5720247f92f1f_737420ab-af5c-4a7f-9871-e7fbced12fb1.svg/%22:0
[    2842ms] [ERROR] Failed to load resource: the server responded with a status of 404 (Not Found) @ http://localhost:3000/%22https:/cdn.prod.website-files.com/67449b182ce17a6b86b1d726/69608fb3d5702c9bd03d802f_menu-11.svg/%22:0
[    2849ms] [ERROR] Failed to load resource: the server responded with a status of 404 (Not Found) @ http://localhost:3000/%22https:/cdn.prod.website-files.com/67449b182ce17a6b86b1d726/69608fb3d5702c9bd03d8030_cancel-01.svg/%22:0
[    2855ms] [ERROR] Failed to load resource: the server responded with a status of 404 (Not Found) @ http://localhost:3000/%22https:/cdn.prod.website-files.com/67449b182ce17a6b86b1d726/69884e7a024c5e9e63fe20ae_Frame%20(19).svg/%22:0
[    2890ms] [ERROR] Failed to load resource: the server responded with a status of 404 (Not Found) @ http://localhost:3000/%22https:/cdn.prod.website-files.com/67449b182ce17a6b86b1d726/69884eb2c2181b2141fcde1b_d56706816150cdbf9ec525623b8c781a_Mask%20group%20%284%29.png/%22:0
[    2904ms] [ERROR] Failed to load resource: the server responded with a status of 404 (Not Found) @ http://localhost:3000/%22https:/cdn.prod.website-files.com/67449b182ce17a6b86b1d726/6a02f41aab76f4b3ded8977a_6970f585-caea-4ec9-8e2e-d651028a2659.svg/%22:0
[    2917ms] [ERROR] Failed to load resource: the server responded with a status of 404 (Not Found) @ http://localhost:3000/%22https:/cdn.prod.website-files.com/67449b182ce17a6b86b1d726/69d61f5d132ae68f090e61ca_Frame%202147242717.avif/%22:0
[    2932ms] [ERROR] Failed to load resource: the server responded with a status of 404 (Not Found) @ http://localhost:3000/%22https:/cdn.prod.website-files.com/67449b182ce17a6b86b1d726/6a043a4f26b7e95dc6ac5457_08adfcc0-0fbb-4e8a-aa0a-85ef932618d2.svg/%22:0
[    2939ms] [ERROR] Failed to load resource: the server responded with a status of 404 (Not Found) @ http://localhost:3000/%22https:/cdn.prod.website-files.com/67449b182ce17a6b86b1d726/69d62245dd70f1d27e7708a1_Frame%202147242689.avif/%22:0
[    2948ms] [ERROR] Failed to load resource: the server responded with a status of 404 (Not Found) @ http://localhost:3000/%22https:/cdn.prod.website-files.com/67449b182ce17a6b86b1d726/6a0c4493cc308e5fedff9885_Frame%202147242691.avif/%22:0
[    2980ms] [ERROR] Failed to load resource: the server responded with a status of 404 (Not Found) @ http://localhost:3000/%22https:/cdn.prod.website-files.com/67449b182ce17a6b86b1d726/69d622fbdeb56ea4319a4c07_Frame%202147242690%20(1).avif/%22:0
[    2986ms] [ERROR] Failed to load resource: the server responded with a status of 404 (Not Found) @ http://localhost:3000/%22https:/cdn.prod.website-files.com/67449b182ce17a6b86b1d726/69d62243e16e1507596c5280_Frame%202147242691.avif/%22:0
[    2996ms] [ERROR] Failed to load resource: the server responded with a status of 404 (Not Found) @ http://localhost:3000/%22https:/cdn.prod.website-files.com/67449b182ce17a6b86b1d726/69d622434cb13f2ac10e68a2_Frame%202147242692.avif/%22:0
[    3005ms] [ERROR] Failed to load resource: the server responded with a status of 404 (Not Found) @ http://localhost:3000/%22https:/cdn.prod.website-files.com/67449b182ce17a6b86b1d726/69d622432ffac6c07e13a57a_Frame%202147242691%20(1).avif/%22:0
[    3005ms] [LOG] %c[Auto Tab Rotation Booster] Invalid value "\"true\"" for attribute "fb-tabs-pauseable". Link to documentation https://www.flowbase.co/booster/webflow-auto-tab-rotation 
      display: inline-block;
      padding: 4px 6px;
      border-radius: 4px;
      line-height: 1.5em;
      color: #282735;
      background: linear-gradient(45deg,
        rgba(185, 205, 255, 0.4) 0%,
        rgba(201, 182, 255, 0.4) 33%,
        rgba(239, 184, 255, 0.4) 66%,
        rgba(255, 210, 177, 0.4) 100%);
         @ http://localhost:3000/_next/static/chunks/node_modules_next_dist_1ybzpk2._.js:2477
[    3005ms] [LOG] %c[Auto Tab Rotation Booster] Invalid value "\"true\"" for attribute "fb-tabs-progress". Link to documentation https://www.flowbase.co/booster/webflow-auto-tab-rotation 
      display: inline-block;
      padding: 4px 6px;
      border-radius: 4px;
      line-height: 1.5em;
      color: #282735;
      background: linear-gradient(45deg,
        rgba(185, 205, 255, 0.4) 0%,
        rgba(201, 182, 255, 0.4) 33%,
        rgba(239, 184, 255, 0.4) 66%,
        rgba(255, 210, 177, 0.4) 100%);
         @ http://localhost:3000/_next/static/chunks/node_modules_next_dist_1ybzpk2._.js:2477
[    3005ms] [LOG] %c[Auto Tab Rotation Booster] Invalid value "\"4000\"" for attribute "fb-tabs-speed". Link to documentation https://www.flowbase.co/booster/webflow-auto-tab-rotation 
      display: inline-block;
      padding: 4px 6px;
      border-radius: 4px;
      line-height: 1.5em;
      color: #282735;
      background: linear-gradient(45deg,
        rgba(185, 205, 255, 0.4) 0%,
        rgba(201, 182, 255, 0.4) 33%,
        rgba(239, 184, 255, 0.4) 66%,
        rgba(255, 210, 177, 0.4) 100%);
         @ http://localhost:3000/_next/static/chunks/node_modules_next_dist_1ybzpk2._.js:2477
[    3005ms] [LOG] %c[Auto Tab Rotation Booster] Required attribute is missing. Link to documentation https://www.flowbase.co/booster/webflow-auto-tab-rotation 
      display: inline-block;
      padding: 4px 6px;
      border-radius: 4px;
      line-height: 1.5em;
      color: #282735;
      background: linear-gradient(45deg,
        rgba(185, 205, 255, 0.4) 0%,
        rgba(201, 182, 255, 0.4) 33%,
        rgba(239, 184, 255, 0.4) 66%,
        rgba(255, 210, 177, 0.4) 100%);
         @ http://localhost:3000/_next/static/chunks/node_modules_next_dist_1ybzpk2._.js:2477
[    3059ms] [LOG] [Fast Refresh] done in 1481ms @ http://localhost:3000/_next/static/chunks/node_modules_next_dist_1ybzpk2._.js:2477
[  882634ms] [LOG] [Fast Refresh] rebuilding @ http://localhost:3000/_next/static/chunks/node_modules_next_dist_1ybzpk2._.js:2477
[  882695ms] [LOG] [Fast Refresh] done in 81ms @ http://localhost:3000/_next/static/chunks/node_modules_next_dist_1ybzpk2._.js:2477
[ 3060786ms] [LOG] [Fast Refresh] rebuilding @ http://localhost:3000/_next/static/chunks/node_modules_next_dist_1ybzpk2._.js:2477
[ 3060830ms] [LOG] [Fast Refresh] done in 65ms @ http://localhost:3000/_next/static/chunks/node_modules_next_dist_1ybzpk2._.js:2477
[ 3364817ms] [LOG] [Fast Refresh] rebuilding @ http://localhost:3000/_next/static/chunks/node_modules_next_dist_1ybzpk2._.js:2477
[ 3364844ms] [LOG] [Fast Refresh] done in 38ms @ http://localhost:3000/_next/static/chunks/node_modules_next_dist_1ybzpk2._.js:2477
[ 3829694ms] [LOG] [Fast Refresh] rebuilding @ http://localhost:3000/_next/static/chunks/node_modules_next_dist_1ybzpk2._.js:2477
[ 3829875ms] [LOG] [Fast Refresh] done in 288ms @ http://localhost:3000/_next/static/chunks/node_modules_next_dist_1ybzpk2._.js:2477
[ 4078118ms] [LOG] [Fast Refresh] rebuilding @ http://localhost:3000/_next/static/chunks/node_modules_next_dist_1ybzpk2._.js:2477
[ 4078213ms] [LOG] [Fast Refresh] done in 193ms @ http://localhost:3000/_next/static/chunks/node_modules_next_dist_1ybzpk2._.js:2477
[ 4341032ms] [LOG] [Fast Refresh] rebuilding @ http://localhost:3000/_next/static/chunks/node_modules_next_dist_1ybzpk2._.js:2477
[ 4341231ms] [LOG] [Fast Refresh] done in 287ms @ http://localhost:3000/_next/static/chunks/node_modules_next_dist_1ybzpk2._.js:2477
[ 4611495ms] [LOG] [Fast Refresh] rebuilding @ http://localhost:3000/_next/static/chunks/node_modules_next_dist_1ybzpk2._.js:2477
[ 4611599ms] [LOG] [Fast Refresh] done in 180ms @ http://localhost:3000/_next/static/chunks/node_modules_next_dist_1ybzpk2._.js:2477
[ 5036323ms] [LOG] [Fast Refresh] rebuilding @ http://localhost:3000/_next/static/chunks/node_modules_next_dist_1ybzpk2._.js:2477
[ 5036462ms] [LOG] [Fast Refresh] done in 122ms @ http://localhost:3000/_next/static/chunks/node_modules_next_dist_1ybzpk2._.js:2477
[ 5114817ms] [LOG] [Fast Refresh] rebuilding @ http://localhost:3000/_next/static/chunks/node_modules_next_dist_1ybzpk2._.js:2477
[ 5114821ms] [LOG] [Fast Refresh] done in 105ms @ http://localhost:3000/_next/static/chunks/node_modules_next_dist_1ybzpk2._.js:2477
[ 5114880ms] [LOG] [Fast Refresh] rebuilding @ http://localhost:3000/_next/static/chunks/node_modules_next_dist_1ybzpk2._.js:2477
[ 5114941ms] [LOG] [Fast Refresh] done in 59ms @ http://localhost:3000/_next/static/chunks/node_modules_next_dist_1ybzpk2._.js:2477
